Case #1: 1 0
Case #2: 1 0
Case #3: 1 1
Case #4: 0 0
Case #5: 250 249
Case #6: 0 0
Case #7: 0 0
Case #8: 1 1
Case #9: 1 1
Case #10: 1 1
Case #11: 1 0
Case #12: 3906 3905
Case #13: 0 0
Case #14: 3906 3905
Case #15: 0 0
Case #16: 0 0
Case #17: 1 1
Case #18: 0 0
Case #19: 0 0
Case #20: 1 1
Case #21: 1 1
Case #22: 0 0
Case #23: 0 -1
Case #24: 0 0
Case #25: 0 0
Case #26: 0 0
Case #27: 1 0
Case #28: 3906 3905
Case #29: 0 0
Case #30: 0 0
Case #31: 1 0
Case #32: 1 1
Case #33: 0 0
Case #34: 1 1
Case #35: 0 0
Case #36: 1 1
Case #37: 0 0
Case #38: 0 0
Case #39: 0 0
Case #40: 0 0
Case #41: 1 0
Case #42: 0 0
Case #43: 125000 124999
Case #44: 1 1
Case #45: 0 0
Case #46: 0 0
Case #47: 249999 249999
Case #48: 1 0
Case #49: 0 0
Case #50: 0 0
Case #51: 1 1
Case #52: 0 0
Case #53: 0 0
Case #54: 0 0
Case #55: 1 1
Case #56: 3906 3905
Case #57: 1 1
Case #58: 1953 1952
Case #59: 0 0
Case #60: 1 1
Case #61: 1 1
Case #62: 1 1
Case #63: 0 0
Case #64: 0 0
Case #65: 1 1
Case #66: 250000 249999
Case #67: 1 0
Case #68: 0 0
Case #69: 1 0
Case #70: 125000 124999
Case #71: 1 1
Case #72: 1 1
Case #73: 0 0
Case #74: 250000 249999
Case #75: 0 0
Case #76: 0 0
Case #77: 1 1
Case #78: 0 0
Case #79: 1 0
Case #80: 0 0
Case #81: 0 0
Case #82: 0 0
Case #83: 1 1
Case #84: 1 1
Case #85: 1 1
Case #86: 1 1
Case #87: 0 0
Case #88: 1 1
Case #89: 1953 1952
Case #90: 0 0
Case #91: 0 0
Case #92: 0 0
Case #93: 1 1
Case #94: 0 0
Case #95: 0 0
Case #96: 1 1
Case #97: 249999 249999
Case #98: 0 0
Case #99: 0 0
Case #100: 0 0
