Case #1: 1 0
Case #2: 1 0
Case #3: 1 1
Case #4: 0 0
Case #5: 500 499
Case #6: 1 0
Case #7: 0 0
Case #8: 1 0
Case #9: 2 2
Case #10: 0 0
Case #11: 0 0
Case #12: 0 0
Case #13: 0 0
Case #14: 1 1
Case #15: 1 1
Case #16: 1 1
Case #17: 0 0
Case #18: 0 0
Case #19: 0 0
Case #20: 1 1
Case #21: 1 0
Case #22: 1 1
Case #23: 1 1
Case #24: 0 0
Case #25: 0 0
Case #26: 0 0
Case #27: 125 124
Case #28: 1 0
Case #29: 0 0
Case #30: 1 0
Case #31: 0 0
Case #32: 0 0
Case #33: 0 0
Case #34: 0 0
Case #35: 0 0
Case #36: 0 0
Case #37: 0 0
Case #38: 0 0
Case #39: 0 0
Case #40: 0 0
Case #41: 0 0
Case #42: 0 0
Case #43: 0 0
Case #44: 0 0
Case #45: 499 499
Case #46: 249 249
Case #47: 7 6
Case #48: 0 0
Case #49: 0 0
Case #50: 1 0
Case #51: 3 2
Case #52: 1 0
Case #53: 0 0
Case #54: 2 1
Case #55: 1 0
Case #56: 1 0
Case #57: 0 0
Case #58: 0 0
Case #59: 3 3
Case #60: 1 1
Case #61: 1 0
Case #62: 0 0
Case #63: 0 0
Case #64: 3 3
Case #65: 3 3
Case #66: 1 0
Case #67: 1 0
Case #68: 1 0
Case #69: 1 0
Case #70: 1 0
Case #71: 0 0
Case #72: 0 0
Case #73: 0 0
Case #74: 1 1
Case #75: 1 0
Case #76: 0 0
Case #77: 3 3
Case #78: 0 0
Case #79: 1 0
Case #80: 0 0
Case #81: 0 0
Case #82: 0 0
Case #83: 0 0
Case #84: 0 0
Case #85: 250 249
Case #86: 3 2
Case #87: 250 249
Case #88: 1 1
Case #89: 1 0
Case #90: 3 2
Case #91: 0 0
Case #92: 0 0
Case #93: 0 0
Case #94: 0 0
Case #95: 0 0
Case #96: 0 0
Case #97: 7 6
Case #98: 3 2
Case #99: 1 0
Case #100: 1 1
